\BOOKMARK [1][-]{section.1}{\376\377\000I\000N\000T\000R\000O\000D\000U\000C\000T\000I\000O\000N}{}% 1
\BOOKMARK [1][-]{section.2}{\376\377\000Z\000O\000N\000E\000\040\000D\000'\000\311\000T\000U\000D\000E}{}% 2
\BOOKMARK [1][-]{section.3}{\376\377\000M\000A\000T\000\311\000R\000I\000E\000L\000S\000\040\000E\000T\000\040\000M\000\311\000T\000H\000O\000D\000E\000S}{}% 3
\BOOKMARK [2][-]{subsection.3.1}{\376\377\000L\000e\000\040\000c\000o\000d\000e\000\040\000d\000e\000\040\000c\000a\000l\000c\000u\000l\000\040\000C\000R\000O\000C\000O}{section.3}% 4
\BOOKMARK [3][-]{subsubsection.3.1.1}{\376\377\000P\000r\000\351\000s\000e\000n\000t\000a\000t\000i\000o\000n\000\040\000g\000\351\000n\000\351\000r\000a\000l\000e}{subsection.3.1}% 5
\BOOKMARK [3][-]{subsubsection.3.1.2}{\376\377\000L\000e\000s\000\040\000v\000a\000r\000i\000a\000b\000l\000e\000s\000\040\000m\000o\000d\000\351\000l\000i\000s\000\351\000e\000s}{subsection.3.1}% 6
\BOOKMARK [3][-]{subsubsection.3.1.3}{\376\377\000P\000h\000y\000s\000i\000q\000u\000e\000\040\000d\000u\000\040\000m\000o\000d\000\350\000l\000e}{subsection.3.1}% 7
\BOOKMARK [3][-]{subsubsection.3.1.4}{\376\377\000L\000a\000\040\000g\000r\000i\000l\000l\000e\000\040\000C\000R\000O\000C\000O}{subsection.3.1}% 8
\BOOKMARK [3][-]{subsubsection.3.1.5}{\376\377\000L\000'\000e\000n\000c\000h\000a\000\356\000n\000e\000m\000e\000n\000t\000\040\000d\000e\000\040\000p\000l\000u\000s\000i\000e\000u\000r\000s\000\040\000m\000o\000d\000\351\000l\000i\000s\000a\000t\000i\000o\000n\000s}{subsection.3.1}% 9
\BOOKMARK [2][-]{subsection.3.2}{\376\377\000L\000e\000s\000\040\000o\000u\000t\000i\000l\000s\000\040\000d\000e\000\040\000p\000r\000\351\000-\000t\000r\000a\000i\000t\000e\000m\000e\000n\000t}{section.3}% 10
\BOOKMARK [3][-]{subsubsection.3.2.1}{\376\377\000L\000a\000\040\000g\000e\000s\000t\000i\000o\000n\000\040\000d\000e\000\040\000p\000l\000u\000s\000i\000e\000u\000r\000s\000\040\000g\000r\000i\000l\000l\000e\000s\000\040\000C\000R\000O\000C\000O}{subsection.3.2}% 11
\BOOKMARK [3][-]{subsubsection.3.2.2}{\376\377\000L\000e\000s\000\040\000c\000o\000n\000d\000i\000t\000i\000o\000n\000s\000\040\000i\000n\000i\000t\000i\000a\000l\000e\000s}{subsection.3.2}% 12
\BOOKMARK [3][-]{subsubsection.3.2.3}{\376\377\000L\000e\000s\000\040\000c\000o\000n\000d\000i\000t\000i\000o\000n\000s\000\040\000a\000u\000x\000\040\000b\000o\000r\000d\000u\000r\000e\000s}{subsection.3.2}% 13
\BOOKMARK [3][-]{subsubsection.3.2.4}{\376\377\000L\000e\000s\000\040\000f\000o\000r\000\347\000a\000g\000e\000s}{subsection.3.2}% 14
\BOOKMARK [2][-]{subsection.3.3}{\376\377\000M\000e\000s\000u\000r\000e\000s\000\040\000d\000e\000\040\000t\000e\000r\000r\000a\000i\000n\000\040\000-\000\040\000L\000e\000\040\000p\000r\000o\000j\000e\000t\000\040\000P\000R\000O\000T\000E\000C}{section.3}% 15
\BOOKMARK [2][-]{subsection.3.4}{\376\377\000O\000u\000t\000i\000l\000s\000\040\000d\000e\000\040\000P\000o\000s\000t\000-\000t\000r\000a\000i\000t\000e\000m\000e\000n\000t}{section.3}% 16
\BOOKMARK [1][-]{section.4}{\376\377\000R\000\311\000S\000U\000L\000T\000A\000T\000S}{}% 17
\BOOKMARK [2][-]{subsection.4.1}{\376\377\000L\000e\000\040\000m\000o\000d\000\350\000l\000e\000\040\000"\000A\000n\000s\000e\000\040\000d\000u\000\040\000C\000u\000l\000-\000d\000e\000-\000L\000o\000u\000p\000"}{section.4}% 18
\BOOKMARK [3][-]{subsubsection.4.1.1}{\376\377\000D\000o\000n\000n\000\351\000e\000s\000\040\000b\000r\000u\000t\000e\000s\000\040\000u\000t\000i\000l\000i\000s\000\351\000e\000s}{subsection.4.1}% 19
\BOOKMARK [3][-]{subsubsection.4.1.2}{\376\377\000P\000a\000r\000a\000m\000\350\000t\000r\000e\000s\000\040\000g\000\351\000n\000\351\000r\000a\000u\000x\000\040\000c\000h\000o\000i\000s\000i\000s}{subsection.4.1}% 20
\BOOKMARK [3][-]{subsubsection.4.1.3}{\376\377\000A\000u\000g\000m\000e\000n\000t\000a\000t\000i\000o\000n\000\040\000d\000e\000\040\000l\000a\000\040\000r\000\351\000s\000o\000l\000u\000t\000i\000o\000n}{subsection.4.1}% 21
\BOOKMARK [2][-]{subsection.4.2}{\376\377\000R\000\351\000s\000u\000l\000t\000a\000t\000s\000\040\000\050\000s\000o\000r\000t\000i\000e\000\040\000d\000e\000\040\000m\000o\000d\000\350\000l\000e\000\051}{section.4}% 22
\BOOKMARK [1][-]{section.5}{\376\377\000D\000I\000S\000C\000U\000S\000S\000I\000O\000N}{}% 23
\BOOKMARK [1][-]{section.6}{\376\377\000C\000O\000N\000C\000L\000U\000S\000I\000O\000N}{}% 24
\BOOKMARK [1][-]{section.7}{\376\377\000s\000c\000h\000\351\000m\000a\000s\000\040\000n\000u\000m\000\351\000r\000i\000q\000u\000e\000s}{}% 25
\BOOKMARK [2][-]{subsection.7.1}{\376\377\000S\000h\000e\000m\000a\000\040\000W\000E\000N\000O\000\040\000d\000e\000\040\000c\000i\000n\000q\000u\000i\000\350\000m\000e\000\040\000o\000r\000d\000r\000e\000\040\000\050\000W\000e\000i\000g\000h\000t\000e\000d\000\040\000E\000s\000s\000e\000n\000t\000i\000a\000l\000l\000y\000\040\000N\000o\000n\000-\000O\000s\000c\000i\000l\000l\000a\000t\000o\000r\000y\000\040\000s\000c\000h\000e\000m\000e\000\051}{section.7}% 26
\BOOKMARK [1][-]{section.8}{\376\377\000M\000A\000T\000\311\000R\000I\000E\000L\000S\000\040\000E\000T\000\040\000M\000\311\000T\000H\000O\000D\000E\000S}{}% 27
\BOOKMARK [2][-]{subsection.8.1}{\376\377\000L\000e\000\040\000c\000o\000d\000e\000\040\000d\000e\000\040\000c\000a\000l\000c\000u\000l\000\040\000C\000R\000O\000C\000O}{section.8}% 28
\BOOKMARK [3][-]{subsubsection.8.1.1}{\376\377\000P\000r\000o\000c\000e\000s\000s\000u\000s\000\040\000g\000\351\000n\000\351\000r\000a\000u\000x}{subsection.8.1}% 29
\BOOKMARK [3][-]{subsubsection.8.1.2}{\376\377\000D\000\351\000t\000a\000i\000l\000\040\000d\000e\000s\000\040\000p\000r\000o\000c\000e\000s\000s\000u\000s\000\040\000d\000u\000\040\000p\000r\000\351\000-\000t\000r\000a\000i\000t\000e\000m\000e\000n\000t}{subsection.8.1}% 30
\BOOKMARK [3][-]{subsubsection.8.1.3}{\376\377\000D\000\351\000t\000a\000i\000l\000\040\000d\000e\000s\000\040\000p\000r\000o\000c\000e\000s\000s\000u\000s\000\040\000d\000u\000\040\000m\000o\000d\000\350\000l\000e}{subsection.8.1}% 31
\BOOKMARK [2][-]{subsection.8.2}{\376\377\000L\000e\000\040\000m\000o\000d\000\350\000l\000e\000\040\000"\000A\000n\000s\000e\000\040\000d\000u\000\040\000C\000u\000l\000-\000d\000e\000-\000L\000o\000u\000p\000"}{section.8}% 32
\BOOKMARK [2][-]{subsection.8.3}{\376\377\000M\000e\000s\000u\000r\000e\000s\000\040\000d\000e\000\040\000t\000e\000r\000r\000a\000i\000n\000\040\000-\000\040\000L\000e\000\040\000p\000r\000o\000j\000e\000t\000\040\000P\000R\000O\000T\000E\000C}{section.8}% 33
