\BOOKMARK [1][-]{section.1}{\376\377\000I\000N\000T\000R\000O\000D\000U\000C\000T\000I\000O\000N}{}% 1
\BOOKMARK [1][-]{section.2}{\376\377\000Z\000O\000N\000E\000\040\000D\000'\000\311\000T\000U\000D\000E}{}% 2
\BOOKMARK [1][-]{section.3}{\376\377\000M\000A\000T\000\311\000R\000I\000E\000L\000S\000\040\000E\000T\000\040\000M\000\311\000T\000H\000O\000D\000E\000S}{}% 3
\BOOKMARK [2][-]{subsection.3.1}{\376\377\000L\000e\000\040\000c\000o\000d\000e\000\040\000d\000e\000\040\000c\000a\000l\000c\000u\000l\000\040\000C\000R\000O\000C\000O}{section.3}% 4
\BOOKMARK [3][-]{subsubsection.3.1.1}{\376\377\000P\000r\000\351\000s\000e\000n\000t\000a\000t\000i\000o\000n\000\040\000g\000\351\000n\000\351\000r\000a\000l\000e}{subsection.3.1}% 5
\BOOKMARK [3][-]{subsubsection.3.1.2}{\376\377\000D\000e\000s\000c\000r\000i\000p\000t\000i\000o\000n\000\040\000d\000u\000\040\000p\000r\000e\000-\000p\000r\000o\000c\000e\000s\000s\000i\000n\000g}{subsection.3.1}% 6
\BOOKMARK [3][-]{subsubsection.3.1.3}{\376\377\000P\000o\000s\000t\000\040\000p\000r\000o\000c\000e\000s\000s\000i\000n\000g}{subsection.3.1}% 7
\BOOKMARK [2][-]{subsection.3.2}{\376\377\000D\000o\000n\000n\000\351\000e\000s\000\040\000d\000e\000\040\000t\000e\000r\000r\000a\000i\000n\000\040\000-\000\040\000L\000e\000\040\000p\000r\000o\000j\000e\000t\000\040\000P\000R\000O\000T\000E\000C}{section.3}% 8
\BOOKMARK [1][-]{section.4}{\376\377\000R\000\311\000S\000U\000L\000T\000A\000T\000S}{}% 9
\BOOKMARK [2][-]{subsection.4.1}{\376\377\000L\000e\000\040\000m\000o\000d\000\350\000l\000e\000\040\000"\000A\000n\000s\000e\000\040\000d\000u\000\040\000C\000u\000l\000-\000d\000e\000-\000L\000o\000u\000p\000"}{section.4}% 10
\BOOKMARK [3][-]{subsubsection.4.1.1}{\376\377\000D\000o\000n\000n\000\351\000e\000s\000\040\000b\000r\000u\000t\000e\000s\000\040\000u\000t\000i\000l\000i\000s\000\351\000e\000s}{subsection.4.1}% 11
\BOOKMARK [3][-]{subsubsection.4.1.2}{\376\377\000P\000a\000r\000a\000m\000\350\000t\000r\000e\000s\000\040\000g\000\351\000n\000\351\000r\000a\000u\000x\000\040\000c\000h\000o\000i\000s\000i\000s}{subsection.4.1}% 12
\BOOKMARK [3][-]{subsubsection.4.1.3}{\376\377\000A\000u\000g\000m\000e\000n\000t\000a\000t\000i\000o\000n\000\040\000d\000e\000\040\000l\000a\000\040\000r\000\351\000s\000o\000l\000u\000t\000i\000o\000n}{subsection.4.1}% 13
\BOOKMARK [2][-]{subsection.4.2}{\376\377\000R\000\351\000s\000u\000l\000t\000a\000t\000s\000\040\000\050\000s\000o\000r\000t\000i\000e\000\040\000d\000e\000\040\000m\000o\000d\000\350\000l\000e\000\051}{section.4}% 14
\BOOKMARK [1][-]{section.5}{\376\377\000D\000I\000S\000C\000U\000S\000S\000I\000O\000N}{}% 15
\BOOKMARK [1][-]{section.6}{\376\377\000C\000O\000N\000C\000L\000U\000S\000I\000O\000N}{}% 16
\BOOKMARK [1][-]{section.7}{\376\377\000M\000A\000T\000\311\000R\000I\000E\000L\000S\000\040\000E\000T\000\040\000M\000\311\000T\000H\000O\000D\000E\000S}{}% 17
\BOOKMARK [2][-]{subsection.7.1}{\376\377\000L\000e\000\040\000c\000o\000d\000e\000\040\000d\000e\000\040\000c\000a\000l\000c\000u\000l\000\040\000C\000R\000O\000C\000O}{section.7}% 18
\BOOKMARK [3][-]{subsubsection.7.1.1}{\376\377\000P\000r\000o\000c\000e\000s\000s\000u\000s\000\040\000g\000\351\000n\000\351\000r\000a\000u\000x}{subsection.7.1}% 19
\BOOKMARK [3][-]{subsubsection.7.1.2}{\376\377\000D\000\351\000t\000a\000i\000l\000\040\000d\000e\000s\000\040\000p\000r\000o\000c\000e\000s\000s\000u\000s\000\040\000d\000u\000\040\000p\000r\000e\000-\000p\000r\000o\000c\000e\000s\000s\000i\000n\000g}{subsection.7.1}% 20
\BOOKMARK [3][-]{subsubsection.7.1.3}{\376\377\000D\000\351\000t\000a\000i\000l\000\040\000d\000e\000s\000\040\000p\000r\000o\000c\000e\000s\000s\000u\000s\000\040\000d\000u\000\040\000m\000o\000d\000\350\000l\000e}{subsection.7.1}% 21
\BOOKMARK [2][-]{subsection.7.2}{\376\377\000L\000e\000\040\000m\000o\000d\000\350\000l\000e\000\040\000"\000A\000n\000s\000e\000\040\000d\000u\000\040\000C\000u\000l\000-\000d\000e\000-\000L\000o\000u\000p\000"}{section.7}% 22
\BOOKMARK [2][-]{subsection.7.3}{\376\377\000M\000e\000s\000u\000r\000e\000s\000\040\000d\000e\000\040\000t\000e\000r\000r\000a\000i\000n\000\040\000-\000\040\000L\000e\000\040\000p\000r\000o\000j\000e\000t\000\040\000P\000R\000O\000T\000E\000C}{section.7}% 23
